# JRE version: OpenJDK Runtime Environment (17.0.7) (build 17.0.7+0-b2043.56-10550314)
# Java VM: OpenJDK 64-Bit Server VM (17.0.7+0-b2043.56-10550314, mixed mode, tiered, compressed oops, compressed class ptrs, g1 gc, windows-amd64)
GC Precious Log:
 CPUs: 8 total, 8 available
 Memory: 16231M
 Large Page Support: Disabled
 NUMA Support: Disabled
 Compressed Oops: Enabled (32-bit)
 Heap Region Size: 1M
 Heap Min Capacity: 8M
 Heap Initial Capacity: 254M
 Heap Max Capacity: 2G
 Pre-touch: Disabled
 Parallel Workers: 8
 Concurrent Workers: 2
 Concurrent Refinement Workers: 8
 Periodic GC: Disabled
Heap:
 garbage-first heap   total 225280K, used 84229K [0x0000000080000000, 0x0000000100000000)
  region size 1024K, 17 young (17408K), 5 survivors (5120K)
 Metaspace       used 86045K, committed 86656K, reserved 1179648K
  class space    used 11864K, committed 12160K, reserved 1048576K
GC Heap History (20 events):
Event: 4.345 GC heap before
{Heap before GC invocations=21 (full 0):
 garbage-first heap   total 114688K, used 85689K [0x0000000080000000, 0x0000000100000000)
  region size 1024K, 28 young (28672K), 4 survivors (4096K)
 Metaspace       used 66368K, committed 66880K, reserved 1114112K
  class space    used 8901K, committed 9152K, reserved 1048576K
}
Event: 4.347 GC heap after
{Heap after GC invocations=22 (full 0):
 garbage-first heap   total 114688K, used 56449K [0x0000000080000000, 0x0000000100000000)
  region size 1024K, 2 young (2048K), 2 survivors (2048K)
 Metaspace       used 66368K, committed 66880K, reserved 1114112K
  class space    used 8901K, committed 9152K, reserved 1048576K
}
Event: 4.502 GC heap before
{Heap before GC invocations=22 (full 0):
 garbage-first heap   total 114688K, used 83073K [0x0000000080000000, 0x0000000100000000)
  region size 1024K, 28 young (28672K), 2 survivors (2048K)
 Metaspace       used 68313K, committed 68864K, reserved 1114112K
  class space    used 9171K, committed 9472K, reserved 1048576K
}
Event: 4.504 GC heap after
{Heap after GC invocations=23 (full 0):
 garbage-first heap   total 114688K, used 57921K [0x0000000080000000, 0x0000000100000000)
  region size 1024K, 4 young (4096K), 4 survivors (4096K)
 Metaspace       used 68313K, committed 68864K, reserved 1114112K
  class space    used 9171K, committed 9472K, reserved 1048576K
}
Event: 4.704 GC heap before
{Heap before GC invocations=24 (full 0):
 garbage-first heap   total 114688K, used 85569K [0x0000000080000000, 0x0000000100000000)
  region size 1024K, 31 young (31744K), 4 survivors (4096K)
 Metaspace       used 71387K, committed 71936K, reserved 1114112K
  class space    used 9594K, committed 9856K, reserved 1048576K
}
Event: 4.707 GC heap after
{Heap after GC invocations=25 (full 0):
 garbage-first heap   total 114688K, used 58987K [0x0000000080000000, 0x0000000100000000)
  region size 1024K, 3 young (3072K), 3 survivors (3072K)
 Metaspace       used 71387K, committed 71936K, reserved 1114112K
  class space    used 9594K, committed 9856K, reserved 1048576K
}
Event: 4.914 GC heap before
{Heap before GC invocations=25 (full 0):
 garbage-first heap   total 114688K, used 86635K [0x0000000080000000, 0x0000000100000000)
  region size 1024K, 31 young (31744K), 3 survivors (3072K)
 Metaspace       used 73671K, committed 74240K, reserved 1114112K
  class space    used 9888K, committed 10176K, reserved 1048576K
}
Event: 4.918 GC heap after
{Heap after GC invocations=26 (full 0):
 garbage-first heap   total 138240K, used 62958K [0x0000000080000000, 0x0000000100000000)
  region size 1024K, 4 young (4096K), 4 survivors (4096K)
 Metaspace       used 73671K, committed 74240K, reserved 1114112K
  class space    used 9888K, committed 10176K, reserved 1048576K
}
Event: 5.229 GC heap before
{Heap before GC invocations=27 (full 0):
 garbage-first heap   total 138240K, used 105966K [0x0000000080000000, 0x0000000100000000)
  region size 1024K, 45 young (46080K), 4 survivors (4096K)
 Metaspace       used 76513K, committed 77120K, reserved 1179648K
  class space    used 10282K, committed 10560K, reserved 1048576K
}
Event: 5.232 GC heap after
{Heap after GC invocations=28 (full 0):
 garbage-first heap   total 138240K, used 64851K [0x0000000080000000, 0x0000000100000000)
  region size 1024K, 2 young (2048K), 2 survivors (2048K)
 Metaspace       used 76513K, committed 77120K, reserved 1179648K
  class space    used 10282K, committed 10560K, reserved 1048576K
}
Event: 5.263 GC heap before
{Heap before GC invocations=28 (full 0):
 garbage-first heap   total 138240K, used 68947K [0x0000000080000000, 0x0000000100000000)
  region size 1024K, 6 young (6144K), 2 survivors (2048K)
 Metaspace       used 76847K, committed 77440K, reserved 1179648K
  class space    used 10357K, committed 10624K, reserved 1048576K
}
Event: 5.266 GC heap after
{Heap after GC invocations=29 (full 0):
 garbage-first heap   total 138240K, used 65044K [0x0000000080000000, 0x0000000100000000)
  region size 1024K, 1 young (1024K), 1 survivors (1024K)
 Metaspace       used 76847K, committed 77440K, reserved 1179648K
  class space    used 10357K, committed 10624K, reserved 1048576K
}
Event: 5.562 GC heap before
{Heap before GC invocations=29 (full 0):
 garbage-first heap   total 138240K, used 107028K [0x0000000080000000, 0x0000000100000000)
  region size 1024K, 42 young (43008K), 1 survivors (1024K)
 Metaspace       used 80265K, committed 80896K, reserved 1179648K
  class space    used 10996K, committed 11328K, reserved 1048576K
}
Event: 5.564 GC heap after
{Heap after GC invocations=30 (full 0):
 garbage-first heap   total 138240K, used 66418K [0x0000000080000000, 0x0000000100000000)
  region size 1024K, 2 young (2048K), 2 survivors (2048K)
 Metaspace       used 80265K, committed 80896K, reserved 1179648K
  class space    used 10996K, committed 11328K, reserved 1048576K
}
Event: 6.220 GC heap before
{Heap before GC invocations=31 (full 0):
 garbage-first heap   total 138240K, used 108402K [0x0000000080000000, 0x0000000100000000)
  region size 1024K, 44 young (45056K), 2 survivors (2048K)
 Metaspace       used 84293K, committed 84928K, reserved 1179648K
  class space    used 11668K, committed 11968K, reserved 1048576K
}
Event: 6.223 GC heap after
{Heap after GC invocations=32 (full 0):
 garbage-first heap   total 138240K, used 69399K [0x0000000080000000, 0x0000000100000000)
  region size 1024K, 5 young (5120K), 5 survivors (5120K)
 Metaspace       used 84293K, committed 84928K, reserved 1179648K
  class space    used 11668K, committed 11968K, reserved 1048576K
}
Event: 6.243 GC heap before
{Heap before GC invocations=32 (full 0):
 garbage-first heap   total 138240K, used 70423K [0x0000000080000000, 0x0000000100000000)
  region size 1024K, 6 young (6144K), 5 survivors (5120K)
 Metaspace       used 84434K, committed 85056K, reserved 1179648K
  class space    used 11697K, committed 12032K, reserved 1048576K
}
Event: 6.246 GC heap after
{Heap after GC invocations=33 (full 0):
 garbage-first heap   total 138240K, used 69268K [0x0000000080000000, 0x0000000100000000)
  region size 1024K, 1 young (1024K), 1 survivors (1024K)
 Metaspace       used 84434K, committed 85056K, reserved 1179648K
  class space    used 11697K, committed 12032K, reserved 1048576K
}
Event: 9.941 GC heap before
{Heap before GC invocations=33 (full 0):
 garbage-first heap   total 138240K, used 110228K [0x0000000080000000, 0x0000000100000000)
  region size 1024K, 42 young (43008K), 1 survivors (1024K)
 Metaspace       used 85285K, committed 85952K, reserved 1179648K
  class space    used 11755K, committed 12096K, reserved 1048576K
}
Event: 9.944 GC heap after
{Heap after GC invocations=34 (full 0):
 garbage-first heap   total 225280K, used 72965K [0x0000000080000000, 0x0000000100000000)
  region size 1024K, 5 young (5120K), 5 survivors (5120K)
 Metaspace       used 85285K, committed 85952K, reserved 1179648K
  class space    used 11755K, committed 12096K, reserved 1048576K
}

