# JRE version: OpenJDK Runtime Environment (17.0.7) (build 17.0.7+0-b2043.56-10550314)
# Java VM: OpenJDK 64-Bit Server VM (17.0.7+0-b2043.56-10550314, mixed mode, tiered, compressed oops, compressed class ptrs, g1 gc, windows-amd64)
GC Precious Log:
 CPUs: 8 total, 8 available
 Memory: 16231M
 Large Page Support: Disabled
 NUMA Support: Disabled
 Compressed Oops: Enabled (32-bit)
 Heap Region Size: 1M
 Heap Min Capacity: 8M
 Heap Initial Capacity: 254M
 Heap Max Capacity: 2G
 Pre-touch: Disabled
 Parallel Workers: 8
 Concurrent Workers: 2
 Concurrent Refinement Workers: 8
 Periodic GC: Disabled
Heap:
 garbage-first heap   total 447488K, used 197349K [0x0000000080000000, 0x0000000100000000)
  region size 1024K, 72 young (73728K), 2 survivors (2048K)
 Metaspace       used 149094K, committed 150464K, reserved 1179648K
  class space    used 19764K, committed 20416K, reserved 1048576K
GC Heap History (20 events):
Event: 3763.128 GC heap before
{Heap before GC invocations=78 (full 0):
 garbage-first heap   total 336896K, used 286117K [0x0000000080000000, 0x0000000100000000)
  region size 1024K, 36 young (36864K), 2 survivors (2048K)
 Metaspace       used 147480K, committed 148864K, reserved 1179648K
  class space    used 19726K, committed 20416K, reserved 1048576K
}
Event: 3763.130 GC heap after
{Heap after GC invocations=79 (full 0):
 garbage-first heap   total 336896K, used 235520K [0x0000000080000000, 0x0000000100000000)
  region size 1024K, 3 young (3072K), 3 survivors (3072K)
 Metaspace       used 147480K, committed 148864K, reserved 1179648K
  class space    used 19726K, committed 20416K, reserved 1048576K
}
Event: 3763.349 GC heap before
{Heap before GC invocations=79 (full 0):
 garbage-first heap   total 336896K, used 286720K [0x0000000080000000, 0x0000000100000000)
  region size 1024K, 52 young (53248K), 3 survivors (3072K)
 Metaspace       used 147582K, committed 149056K, reserved 1179648K
  class space    used 19727K, committed 20416K, reserved 1048576K
}
Event: 3763.354 GC heap after
{Heap after GC invocations=80 (full 0):
 garbage-first heap   total 336896K, used 247412K [0x0000000080000000, 0x0000000100000000)
  region size 1024K, 7 young (7168K), 7 survivors (7168K)
 Metaspace       used 147582K, committed 149056K, reserved 1179648K
  class space    used 19727K, committed 20416K, reserved 1048576K
}
Event: 3763.541 GC heap before
{Heap before GC invocations=80 (full 0):
 garbage-first heap   total 336896K, used 284276K [0x0000000080000000, 0x0000000100000000)
  region size 1024K, 43 young (44032K), 7 survivors (7168K)
 Metaspace       used 147665K, committed 149120K, reserved 1179648K
  class space    used 19727K, committed 20416K, reserved 1048576K
}
Event: 3763.547 GC heap after
{Heap after GC invocations=81 (full 0):
 garbage-first heap   total 336896K, used 253272K [0x0000000080000000, 0x0000000100000000)
  region size 1024K, 6 young (6144K), 6 survivors (6144K)
 Metaspace       used 147665K, committed 149120K, reserved 1179648K
  class space    used 19727K, committed 20416K, reserved 1048576K
}
Event: 4040.906 GC heap before
{Heap before GC invocations=82 (full 0):
 garbage-first heap   total 377856K, used 256344K [0x0000000080000000, 0x0000000100000000)
  region size 1024K, 34 young (34816K), 6 survivors (6144K)
 Metaspace       used 147449K, committed 149120K, reserved 1179648K
  class space    used 19663K, committed 20416K, reserved 1048576K
}
Event: 4040.909 GC heap after
{Heap after GC invocations=83 (full 0):
 garbage-first heap   total 377856K, used 211490K [0x0000000080000000, 0x0000000100000000)
  region size 1024K, 2 young (2048K), 2 survivors (2048K)
 Metaspace       used 147449K, committed 149120K, reserved 1179648K
  class space    used 19663K, committed 20416K, reserved 1048576K
}
Event: 4183.862 GC heap before
{Heap before GC invocations=83 (full 0):
 garbage-first heap   total 377856K, used 227874K [0x0000000080000000, 0x0000000100000000)
  region size 1024K, 18 young (18432K), 2 survivors (2048K)
 Metaspace       used 147462K, committed 149120K, reserved 1179648K
  class space    used 19663K, committed 20416K, reserved 1048576K
}
Event: 4183.865 GC heap after
{Heap after GC invocations=84 (full 0):
 garbage-first heap   total 377856K, used 173056K [0x0000000080000000, 0x0000000100000000)
  region size 1024K, 2 young (2048K), 2 survivors (2048K)
 Metaspace       used 147462K, committed 149120K, reserved 1179648K
  class space    used 19663K, committed 20416K, reserved 1048576K
}
Event: 4183.912 GC heap before
{Heap before GC invocations=84 (full 0):
 garbage-first heap   total 377856K, used 188416K [0x0000000080000000, 0x0000000100000000)
  region size 1024K, 18 young (18432K), 2 survivors (2048K)
 Metaspace       used 147487K, committed 149120K, reserved 1179648K
  class space    used 19663K, committed 20416K, reserved 1048576K
}
Event: 4183.919 GC heap after
{Heap after GC invocations=85 (full 0):
 garbage-first heap   total 377856K, used 145028K [0x0000000080000000, 0x0000000100000000)
  region size 1024K, 3 young (3072K), 3 survivors (3072K)
 Metaspace       used 147487K, committed 149120K, reserved 1179648K
  class space    used 19663K, committed 20416K, reserved 1048576K
}
Event: 4184.202 GC heap before
{Heap before GC invocations=85 (full 0):
 garbage-first heap   total 377856K, used 160388K [0x0000000080000000, 0x0000000100000000)
  region size 1024K, 18 young (18432K), 3 survivors (3072K)
 Metaspace       used 147530K, committed 149120K, reserved 1179648K
  class space    used 19666K, committed 20416K, reserved 1048576K
}
Event: 4184.210 GC heap after
{Heap after GC invocations=86 (full 0):
 garbage-first heap   total 377856K, used 137726K [0x0000000080000000, 0x0000000100000000)
  region size 1024K, 3 young (3072K), 3 survivors (3072K)
 Metaspace       used 147530K, committed 149120K, reserved 1179648K
  class space    used 19666K, committed 20416K, reserved 1048576K
}
Event: 4733.636 GC heap before
{Heap before GC invocations=86 (full 0):
 garbage-first heap   total 377856K, used 297470K [0x0000000080000000, 0x0000000100000000)
  region size 1024K, 161 young (164864K), 3 survivors (3072K)
 Metaspace       used 148499K, committed 149888K, reserved 1179648K
  class space    used 19762K, committed 20416K, reserved 1048576K
}
Event: 4733.645 GC heap after
{Heap after GC invocations=87 (full 0):
 garbage-first heap   total 447488K, used 153341K [0x0000000080000000, 0x0000000100000000)
  region size 1024K, 18 young (18432K), 18 survivors (18432K)
 Metaspace       used 148499K, committed 149888K, reserved 1179648K
  class space    used 19762K, committed 20416K, reserved 1048576K
}
Event: 4734.626 GC heap before
{Heap before GC invocations=88 (full 0):
 garbage-first heap   total 447488K, used 396029K [0x0000000080000000, 0x0000000100000000)
  region size 1024K, 222 young (227328K), 18 survivors (18432K)
 Metaspace       used 148709K, committed 150080K, reserved 1179648K
  class space    used 19742K, committed 20416K, reserved 1048576K
}
Event: 4734.633 GC heap after
{Heap after GC invocations=89 (full 0):
 garbage-first heap   total 447488K, used 148625K [0x0000000080000000, 0x0000000100000000)
  region size 1024K, 8 young (8192K), 8 survivors (8192K)
 Metaspace       used 148709K, committed 150080K, reserved 1179648K
  class space    used 19742K, committed 20416K, reserved 1048576K
}
Event: 4734.674 GC heap before
{Heap before GC invocations=89 (full 0):
 garbage-first heap   total 447488K, used 160913K [0x0000000080000000, 0x0000000100000000)
  region size 1024K, 21 young (21504K), 8 survivors (8192K)
 Metaspace       used 148770K, committed 150144K, reserved 1179648K
  class space    used 19742K, committed 20416K, reserved 1048576K
}
Event: 4734.677 GC heap after
{Heap after GC invocations=90 (full 0):
 garbage-first heap   total 447488K, used 127717K [0x0000000080000000, 0x0000000100000000)
  region size 1024K, 2 young (2048K), 2 survivors (2048K)
 Metaspace       used 148770K, committed 150144K, reserved 1179648K
  class space    used 19742K, committed 20416K, reserved 1048576K
}

