# JRE version: OpenJDK Runtime Environment (17.0.7) (build 17.0.7+0-b2043.56-10550314)
# Java VM: OpenJDK 64-Bit Server VM (17.0.7+0-b2043.56-10550314, mixed mode, tiered, compressed oops, compressed class ptrs, g1 gc, windows-amd64)
GC Precious Log:
 CPUs: 8 total, 8 available
 Memory: 16231M
 Large Page Support: Disabled
 NUMA Support: Disabled
 Compressed Oops: Enabled (32-bit)
 Heap Region Size: 1M
 Heap Min Capacity: 8M
 Heap Initial Capacity: 254M
 Heap Max Capacity: 2G
 Pre-touch: Disabled
 Parallel Workers: 8
 Concurrent Workers: 2
 Concurrent Refinement Workers: 8
 Periodic GC: Disabled
Heap:
 garbage-first heap   total 210944K, used 80534K [0x0000000080000000, 0x0000000100000000)
  region size 1024K, 5 young (5120K), 5 survivors (5120K)
 Metaspace       used 90161K, committed 90816K, reserved 1179648K
  class space    used 12426K, committed 12736K, reserved 1048576K
GC Heap History (20 events):
Event: 4.507 GC heap after
{Heap after GC invocations=25 (full 0):
 garbage-first heap   total 116736K, used 59676K [0x0000000080000000, 0x0000000100000000)
  region size 1024K, 3 young (3072K), 3 survivors (3072K)
 Metaspace       used 71638K, committed 72256K, reserved 1114112K
  class space    used 9627K, committed 9920K, reserved 1048576K
}
Event: 4.680 GC heap before
{Heap before GC invocations=25 (full 0):
 garbage-first heap   total 116736K, used 88348K [0x0000000080000000, 0x0000000100000000)
  region size 1024K, 32 young (32768K), 3 survivors (3072K)
 Metaspace       used 73650K, committed 74240K, reserved 1114112K
  class space    used 9881K, committed 10176K, reserved 1048576K
}
Event: 4.682 GC heap after
{Heap after GC invocations=26 (full 0):
 garbage-first heap   total 116736K, used 63577K [0x0000000080000000, 0x0000000100000000)
  region size 1024K, 4 young (4096K), 4 survivors (4096K)
 Metaspace       used 73650K, committed 74240K, reserved 1114112K
  class space    used 9881K, committed 10176K, reserved 1048576K
}
Event: 4.825 GC heap before
{Heap before GC invocations=27 (full 0):
 garbage-first heap   total 116736K, used 92249K [0x0000000080000000, 0x0000000100000000)
  region size 1024K, 31 young (31744K), 4 survivors (4096K)
 Metaspace       used 75682K, committed 76288K, reserved 1179648K
  class space    used 10161K, committed 10496K, reserved 1048576K
}
Event: 4.828 GC heap after
{Heap after GC invocations=28 (full 0):
 garbage-first heap   total 116736K, used 65398K [0x0000000080000000, 0x0000000100000000)
  region size 1024K, 2 young (2048K), 2 survivors (2048K)
 Metaspace       used 75682K, committed 76288K, reserved 1179648K
  class space    used 10161K, committed 10496K, reserved 1048576K
}
Event: 4.853 GC heap before
{Heap before GC invocations=28 (full 0):
 garbage-first heap   total 116736K, used 68470K [0x0000000080000000, 0x0000000100000000)
  region size 1024K, 5 young (5120K), 2 survivors (2048K)
 Metaspace       used 75903K, committed 76544K, reserved 1179648K
  class space    used 10185K, committed 10496K, reserved 1048576K
}
Event: 4.855 GC heap after
{Heap after GC invocations=29 (full 0):
 garbage-first heap   total 140288K, used 66362K [0x0000000080000000, 0x0000000100000000)
  region size 1024K, 1 young (1024K), 1 survivors (1024K)
 Metaspace       used 75903K, committed 76544K, reserved 1179648K
  class space    used 10185K, committed 10496K, reserved 1048576K
}
Event: 5.104 GC heap before
{Heap before GC invocations=29 (full 0):
 garbage-first heap   total 140288K, used 108346K [0x0000000080000000, 0x0000000100000000)
  region size 1024K, 42 young (43008K), 1 survivors (1024K)
 Metaspace       used 79283K, committed 79936K, reserved 1179648K
  class space    used 10872K, committed 11200K, reserved 1048576K
}
Event: 5.106 GC heap after
{Heap after GC invocations=30 (full 0):
 garbage-first heap   total 140288K, used 67231K [0x0000000080000000, 0x0000000100000000)
  region size 1024K, 2 young (2048K), 2 survivors (2048K)
 Metaspace       used 79283K, committed 79936K, reserved 1179648K
  class space    used 10872K, committed 11200K, reserved 1048576K
}
Event: 5.428 GC heap before
{Heap before GC invocations=31 (full 0):
 garbage-first heap   total 140288K, used 110239K [0x0000000080000000, 0x0000000100000000)
  region size 1024K, 44 young (45056K), 2 survivors (2048K)
 Metaspace       used 82998K, committed 83584K, reserved 1179648K
  class space    used 11400K, committed 11712K, reserved 1048576K
}
Event: 5.430 GC heap after
{Heap after GC invocations=32 (full 0):
 garbage-first heap   total 140288K, used 69687K [0x0000000080000000, 0x0000000100000000)
  region size 1024K, 5 young (5120K), 5 survivors (5120K)
 Metaspace       used 82998K, committed 83584K, reserved 1179648K
  class space    used 11400K, committed 11712K, reserved 1048576K
}
Event: 5.436 GC heap before
{Heap before GC invocations=32 (full 0):
 garbage-first heap   total 140288K, used 70711K [0x0000000080000000, 0x0000000100000000)
  region size 1024K, 6 young (6144K), 5 survivors (5120K)
 Metaspace       used 83059K, committed 83648K, reserved 1179648K
  class space    used 11408K, committed 11712K, reserved 1048576K
}
Event: 5.438 GC heap after
{Heap after GC invocations=33 (full 0):
 garbage-first heap   total 140288K, used 69727K [0x0000000080000000, 0x0000000100000000)
  region size 1024K, 1 young (1024K), 1 survivors (1024K)
 Metaspace       used 83059K, committed 83648K, reserved 1179648K
  class space    used 11408K, committed 11712K, reserved 1048576K
}
Event: 5.706 GC heap before
{Heap before GC invocations=33 (full 0):
 garbage-first heap   total 140288K, used 111711K [0x0000000080000000, 0x0000000100000000)
  region size 1024K, 42 young (43008K), 1 survivors (1024K)
 Metaspace       used 86475K, committed 87104K, reserved 1179648K
  class space    used 11953K, committed 12224K, reserved 1048576K
}
Event: 5.708 GC heap after
{Heap after GC invocations=34 (full 0):
 garbage-first heap   total 140288K, used 71391K [0x0000000080000000, 0x0000000100000000)
  region size 1024K, 3 young (3072K), 3 survivors (3072K)
 Metaspace       used 86475K, committed 87104K, reserved 1179648K
  class space    used 11953K, committed 12224K, reserved 1048576K
}
Event: 5.985 GC heap before
{Heap before GC invocations=35 (full 0):
 garbage-first heap   total 140288K, used 113375K [0x0000000080000000, 0x0000000100000000)
  region size 1024K, 44 young (45056K), 3 survivors (3072K)
 Metaspace       used 89877K, committed 90496K, reserved 1179648K
  class space    used 12401K, committed 12736K, reserved 1048576K
}
Event: 5.988 GC heap after
{Heap after GC invocations=36 (full 0):
 garbage-first heap   total 140288K, used 74451K [0x0000000080000000, 0x0000000100000000)
  region size 1024K, 6 young (6144K), 6 survivors (6144K)
 Metaspace       used 89877K, committed 90496K, reserved 1179648K
  class space    used 12401K, committed 12736K, reserved 1048576K
}
Event: 5.993 GC heap before
{Heap before GC invocations=36 (full 0):
 garbage-first heap   total 140288K, used 75475K [0x0000000080000000, 0x0000000100000000)
  region size 1024K, 7 young (7168K), 6 survivors (6144K)
 Metaspace       used 89882K, committed 90560K, reserved 1179648K
  class space    used 12401K, committed 12736K, reserved 1048576K
}
Event: 5.997 GC heap after
{Heap after GC invocations=37 (full 0):
 garbage-first heap   total 140288K, used 74060K [0x0000000080000000, 0x0000000100000000)
  region size 1024K, 1 young (1024K), 1 survivors (1024K)
 Metaspace       used 89882K, committed 90560K, reserved 1179648K
  class space    used 12401K, committed 12736K, reserved 1048576K
}
Event: 6.172 GC heap before
{Heap before GC invocations=37 (full 0):
 garbage-first heap   total 140288K, used 113996K [0x0000000080000000, 0x0000000100000000)
  region size 1024K, 40 young (40960K), 1 survivors (1024K)
 Metaspace       used 90161K, committed 90816K, reserved 1179648K
  class space    used 12426K, committed 12736K, reserved 1048576K
}

